<?xml version="1.0" encoding="UTF-8" ?>
<testsuite tests="42" failures="0" name="edu.kcc.java.unittestexample.sale.SaleItemTest" time="0.005" errors="0" skipped="0">
  <properties>
[...]
</properties>
  <testcase classname="edu.kcc.java.unittestexample.sale.SaleItemTest" name="edu.kcc.java.unittestexample.sale.SaleItemTest.testConstructorDescriptionTooLong1025" time="0.002"/>
  <testcase classname="edu.kcc.java.unittestexample.sale.SaleItemTest" name="edu.kcc.java.unittestexample.sale.SaleItemTest.testConstructorDescriptionGoodShort1" time="0"/>
  <testcase classname="edu.kcc.java.unittestexample.sale.SaleItemTest" name="edu.kcc.java.unittestexample.sale.SaleItemTest.testConstructorDescriptionGoodLong1024" time="0"/>
  <testcase classname="edu.kcc.java.unittestexample.sale.SaleItemTest" name="edu.kcc.java.unittestexample.sale.SaleItemTest.testConstructorItemNameTooLong257" time="0.001"/>
  <testcase classname="edu.kcc.java.unittestexample.sale.SaleItemTest" name="edu.kcc.java.unittestexample.sale.SaleItemTest.testConstructorDescriptionNull" time="0"/>
  <testcase classname="edu.kcc.java.unittestexample.sale.SaleItemTest" name="edu.kcc.java.unittestexample.sale.SaleItemTest.testSetUnitPriceGoodZero" time="0.001"/>
  <testcase classname="edu.kcc.java.unittestexample.sale.SaleItemTest" name="edu.kcc.java.unittestexample.sale.SaleItemTest.testConstructorItemNameNull" time="0"/>
  <testcase classname="edu.kcc.java.unittestexample.sale.SaleItemTest" name="edu.kcc.java.unittestexample.sale.SaleItemTest.testConstructorItemNameGoodShort" time="0"/>
  <testcase classname="edu.kcc.java.unittestexample.sale.SaleItemTest" name="edu.kcc.java.unittestexample.sale.SaleItemTest.testConstructorDescriptionBlank" time="0"/>
  <testcase classname="edu.kcc.java.unittestexample.sale.SaleItemTest" name="edu.kcc.java.unittestexample.sale.SaleItemTest.testCompareToInstanceEqualsOther" time="0"/>
  <testcase classname="edu.kcc.java.unittestexample.sale.SaleItemTest" name="edu.kcc.java.unittestexample.sale.SaleItemTest.testSetItemDescriptionBadLong1025" time="0"/>
  <testcase classname="edu.kcc.java.unittestexample.sale.SaleItemTest" name="edu.kcc.java.unittestexample.sale.SaleItemTest.testSetItemDescriptionGoodLong1024" time="0"/>
  <testcase classname="edu.kcc.java.unittestexample.sale.SaleItemTest" name="edu.kcc.java.unittestexample.sale.SaleItemTest.testSetItemNameBadLong257" time="0"/>
  <testcase classname="edu.kcc.java.unittestexample.sale.SaleItemTest" name="edu.kcc.java.unittestexample.sale.SaleItemTest.testGetItemDescription" time="0"/>
  <testcase classname="edu.kcc.java.unittestexample.sale.SaleItemTest" name="edu.kcc.java.unittestexample.sale.SaleItemTest.testCompareToOtherBeforeInstance" time="0"/>
  <testcase classname="edu.kcc.java.unittestexample.sale.SaleItemTest" name="edu.kcc.java.unittestexample.sale.SaleItemTest.testSetItemDescriptionGoodShort1" time="0"/>
  <testcase classname="edu.kcc.java.unittestexample.sale.SaleItemTest" name="edu.kcc.java.unittestexample.sale.SaleItemTest.testConstructorItemID0" time="0"/>
  <testcase classname="edu.kcc.java.unittestexample.sale.SaleItemTest" name="edu.kcc.java.unittestexample.sale.SaleItemTest.testCompareToInstanceBeforeOther" time="0"/>
  <testcase classname="edu.kcc.java.unittestexample.sale.SaleItemTest" name="edu.kcc.java.unittestexample.sale.SaleItemTest.testConstructorItemIDNegOne" time="0"/>
  <testcase classname="edu.kcc.java.unittestexample.sale.SaleItemTest" name="edu.kcc.java.unittestexample.sale.SaleItemTest.testConstructorUnitPriceZero" time="0"/>
  <testcase classname="edu.kcc.java.unittestexample.sale.SaleItemTest" name="edu.kcc.java.unittestexample.sale.SaleItemTest.testConstructorItemNameBlank" time="0"/>
  <testcase classname="edu.kcc.java.unittestexample.sale.SaleItemTest" name="edu.kcc.java.unittestexample.sale.SaleItemTest.testSetItemNameGoodLong256" time="0"/>
  <testcase classname="edu.kcc.java.unittestexample.sale.SaleItemTest" name="edu.kcc.java.unittestexample.sale.SaleItemTest.testConstructorItemID500" time="0"/>
  <testcase classname="edu.kcc.java.unittestexample.sale.SaleItemTest" name="edu.kcc.java.unittestexample.sale.SaleItemTest.testSetItemNameNull" time="0"/>
  <testcase classname="edu.kcc.java.unittestexample.sale.SaleItemTest" name="edu.kcc.java.unittestexample.sale.SaleItemTest.testConstructorUnitPriceHundred" time="0"/>
  <testcase classname="edu.kcc.java.unittestexample.sale.SaleItemTest" name="edu.kcc.java.unittestexample.sale.SaleItemTest.testSetUnitPriceBadNegativeOne" time="0"/>
  <testcase classname="edu.kcc.java.unittestexample.sale.SaleItemTest" name="edu.kcc.java.unittestexample.sale.SaleItemTest.testConstructorUnitPriceTooLow" time="0"/>
  <testcase classname="edu.kcc.java.unittestexample.sale.SaleItemTest" name="edu.kcc.java.unittestexample.sale.SaleItemTest.testSetUnitPriceBadNull" time="0"/>
  <testcase classname="edu.kcc.java.unittestexample.sale.SaleItemTest" name="edu.kcc.java.unittestexample.sale.SaleItemTest.testSetItemNameBlank" time="0"/>
  <testcase classname="edu.kcc.java.unittestexample.sale.SaleItemTest" name="edu.kcc.java.unittestexample.sale.SaleItemTest.testSetUnitPriceGoodPositive" time="0"/>
  <testcase classname="edu.kcc.java.unittestexample.sale.SaleItemTest" name="edu.kcc.java.unittestexample.sale.SaleItemTest.testSetItemDescriptionBlank" time="0"/>
  <testcase classname="edu.kcc.java.unittestexample.sale.SaleItemTest" name="edu.kcc.java.unittestexample.sale.SaleItemTest.testSetItemIdGoodZero" time="0"/>
  <testcase classname="edu.kcc.java.unittestexample.sale.SaleItemTest" name="edu.kcc.java.unittestexample.sale.SaleItemTest.testSetItemDescriptionNull" time="0"/>
  <testcase classname="edu.kcc.java.unittestexample.sale.SaleItemTest" name="edu.kcc.java.unittestexample.sale.SaleItemTest.testSetItemIdGoodPostive" time="0"/>
  <testcase classname="edu.kcc.java.unittestexample.sale.SaleItemTest" name="edu.kcc.java.unittestexample.sale.SaleItemTest.testSetUnitPriceGoodZeroPointOne" time="0"/>
  <testcase classname="edu.kcc.java.unittestexample.sale.SaleItemTest" name="edu.kcc.java.unittestexample.sale.SaleItemTest.testConstructorItemNameGoodLong" time="0"/>
  <testcase classname="edu.kcc.java.unittestexample.sale.SaleItemTest" name="edu.kcc.java.unittestexample.sale.SaleItemTest.testSetItemNameGoodShort1" time="0"/>
  <testcase classname="edu.kcc.java.unittestexample.sale.SaleItemTest" name="edu.kcc.java.unittestexample.sale.SaleItemTest.testGetItemId" time="0"/>
  <testcase classname="edu.kcc.java.unittestexample.sale.SaleItemTest" name="edu.kcc.java.unittestexample.sale.SaleItemTest.testToString" time="0"/>
  <testcase classname="edu.kcc.java.unittestexample.sale.SaleItemTest" name="edu.kcc.java.unittestexample.sale.SaleItemTest.testGetUnitPrice" time="0"/>
  <testcase classname="edu.kcc.java.unittestexample.sale.SaleItemTest" name="edu.kcc.java.unittestexample.sale.SaleItemTest.testSetItemIdBad" time="0"/>
  <testcase classname="edu.kcc.java.unittestexample.sale.SaleItemTest" name="edu.kcc.java.unittestexample.sale.SaleItemTest.testGetItemName" time="0.001"/>
</testsuite>